1643593677223	geckodriver	INFO	Listening on 127.0.0.1:50057
1643593677226	mozrunner::runner	INFO	Running command: "/usr/bin/firefox" "--marionette" "--remote-debugging-port" "60543" "-no-remote" "-profile" "/tmp/rust_mozprofileuo4puJ"
1643593677558	Marionette	INFO	Marionette enabled
console.warn: SearchSettings: "get: No settings file exists, new profile?" (new NotFoundError("Could not open the file at /tmp/rust_mozprofileuo4puJ/search.json.mozlz4", (void 0)))
DevTools listening on ws://localhost:60543/devtools/browser/f762d45d-773b-49f9-9097-371819f3cbbb
1643593678569	Marionette	INFO	Listening on port 38747
1643593678640	RemoteAgent	WARN	TLS certificate errors will be ignored for this session
JavaScript error: resource:///actors/FormValidationChild.jsm, line 177: TypeError: this._element is null
1643593837808	geckodriver	INFO	Listening on 127.0.0.1:59493
1643593837811	mozrunner::runner	INFO	Running command: "/usr/bin/firefox" "--marionette" "--remote-debugging-port" "35713" "-no-remote" "-profile" "/tmp/rust_mozprofile9Wv9Zv"
1643593838202	Marionette	INFO	Marionette enabled
console.warn: SearchSettings: "get: No settings file exists, new profile?" (new NotFoundError("Could not open the file at /tmp/rust_mozprofile9Wv9Zv/search.json.mozlz4", (void 0)))
DevTools listening on ws://localhost:35713/devtools/browser/3916ed34-91e1-43df-b12f-e1ca14f97872
1643593839230	Marionette	INFO	Listening on port 41821
1643593839321	RemoteAgent	WARN	TLS certificate errors will be ignored for this session
JavaScript error: resource:///actors/FormValidationChild.jsm, line 177: TypeError: this._element is null
1643593843116	Marionette	INFO	Stopped listening on port 41821
console.warn: TopSitesFeed: Failed to fetch data from Contile server: NetworkError when attempting to fetch resource.

###!!! [Parent][RunMessage] Error: Channel closing: too late to send/recv, messages will be lost

1643594125128	geckodriver	INFO	Listening on 127.0.0.1:42275
1643594125131	mozrunner::runner	INFO	Running command: "/usr/bin/firefox" "--marionette" "--remote-debugging-port" "35047" "-no-remote" "-profile" "/tmp/rust_mozprofileLI1mIc"
1643594125479	Marionette	INFO	Marionette enabled
console.warn: SearchSettings: "get: No settings file exists, new profile?" (new NotFoundError("Could not open the file at /tmp/rust_mozprofileLI1mIc/search.json.mozlz4", (void 0)))
DevTools listening on ws://localhost:35047/devtools/browser/8b3a04ec-1a91-48f7-94c8-d1f7bf7263c6
1643594126264	Marionette	INFO	Listening on port 41521
1643594126346	RemoteAgent	WARN	TLS certificate errors will be ignored for this session
JavaScript error: resource:///actors/FormValidationChild.jsm, line 177: TypeError: this._element is null
1643594129662	Marionette	INFO	Stopped listening on port 41521
console.warn: TopSitesFeed: Failed to fetch data from Contile server: NetworkError when attempting to fetch resource.

###!!! [Parent][RunMessage] Error: Channel closing: too late to send/recv, messages will be lost

1643594271175	geckodriver	INFO	Listening on 127.0.0.1:48467
1643594271179	mozrunner::runner	INFO	Running command: "/usr/bin/firefox" "--marionette" "--remote-debugging-port" "36851" "-no-remote" "-profile" "/tmp/rust_mozprofileMbUlFk"
1643594271544	Marionette	INFO	Marionette enabled
console.warn: SearchSettings: "get: No settings file exists, new profile?" (new NotFoundError("Could not open the file at /tmp/rust_mozprofileMbUlFk/search.json.mozlz4", (void 0)))
DevTools listening on ws://localhost:36851/devtools/browser/48579395-9dd1-47c9-93df-b9c20761d261
1643594272475	Marionette	INFO	Listening on port 36701
1643594272490	RemoteAgent	WARN	TLS certificate errors will be ignored for this session
JavaScript error: resource:///actors/FormValidationChild.jsm, line 177: TypeError: this._element is null
1643594275640	Marionette	INFO	Stopped listening on port 36701
console.warn: TopSitesFeed: Failed to fetch data from Contile server: NetworkError when attempting to fetch resource.

###!!! [Parent][RunMessage] Error: Channel closing: too late to send/recv, messages will be lost

1643594935968	geckodriver	INFO	Listening on 127.0.0.1:48751
1643594935971	mozrunner::runner	INFO	Running command: "/usr/bin/firefox" "--marionette" "--remote-debugging-port" "43031" "-no-remote" "-profile" "/tmp/rust_mozprofilemNz4hx"
1643594936338	Marionette	INFO	Marionette enabled
console.warn: SearchSettings: "get: No settings file exists, new profile?" (new NotFoundError("Could not open the file at /tmp/rust_mozprofilemNz4hx/search.json.mozlz4", (void 0)))
DevTools listening on ws://localhost:43031/devtools/browser/8ea633c2-c9af-4d49-955a-ab9c1ca08f88
1643594937124	Marionette	INFO	Listening on port 42405
1643594937182	RemoteAgent	WARN	TLS certificate errors will be ignored for this session
JavaScript error: resource:///actors/FormValidationChild.jsm, line 177: TypeError: this._element is null
JavaScript error: resource://gre/actors/AutoCompleteChild.jsm, line 125: Error: Invalid autocomplete selectedIndex
JavaScript error: resource://gre/actors/AutoCompleteChild.jsm, line 125: Error: Invalid autocomplete selectedIndex
JavaScript error: resource://gre/modules/LoginManagerChild.jsm, line 194: NS_ERROR_XPC_JAVASCRIPT_ERROR_WITH_DETAILS: [JavaScript Error: "Invalid autocomplete selectedIndex" {file: "resource://gre/actors/AutoCompleteChild.jsm" line: 125}]'[JavaScript Error: "Invalid autocomplete selectedIndex" {file: "resource://gre/actors/AutoCompleteChild.jsm" line: 125}]' when calling method: [nsIAutoCompletePopup::selectedIndex]
console.warn: LoginRecipes: "getRecipes: falling back to a synchronous message for:" "https://www.python.org"
1643594940035	Marionette	INFO	Stopped listening on port 42405

###!!! [Parent][RunMessage] Error: Channel closing: too late to send/recv, messages will be lost

1643594969929	geckodriver	INFO	Listening on 127.0.0.1:47789
1643594969932	mozrunner::runner	INFO	Running command: "/usr/bin/firefox" "--marionette" "--remote-debugging-port" "36189" "-no-remote" "-profile" "/tmp/rust_mozprofileFglFwO"
1643594970261	Marionette	INFO	Marionette enabled
console.warn: SearchSettings: "get: No settings file exists, new profile?" (new NotFoundError("Could not open the file at /tmp/rust_mozprofileFglFwO/search.json.mozlz4", (void 0)))
DevTools listening on ws://localhost:36189/devtools/browser/b5d3d622-fbe0-4707-813f-af859fcb7746
1643594970970	Marionette	INFO	Listening on port 41969
1643594971041	RemoteAgent	WARN	TLS certificate errors will be ignored for this session
JavaScript error: resource:///actors/FormValidationChild.jsm, line 177: TypeError: this._element is null
JavaScript error: resource://gre/actors/AutoCompleteChild.jsm, line 125: Error: Invalid autocomplete selectedIndex
JavaScript error: resource://gre/actors/AutoCompleteChild.jsm, line 125: Error: Invalid autocomplete selectedIndex
JavaScript error: resource://gre/modules/LoginManagerChild.jsm, line 194: NS_ERROR_XPC_JAVASCRIPT_ERROR_WITH_DETAILS: [JavaScript Error: "Invalid autocomplete selectedIndex" {file: "resource://gre/actors/AutoCompleteChild.jsm" line: 125}]'[JavaScript Error: "Invalid autocomplete selectedIndex" {file: "resource://gre/actors/AutoCompleteChild.jsm" line: 125}]' when calling method: [nsIAutoCompletePopup::selectedIndex]
console.warn: LoginRecipes: "getRecipes: falling back to a synchronous message for:" "https://www.python.org"
JavaScript error: resource:///actors/FormValidationChild.jsm, line 177: TypeError: this._element is null
1643598080804	Marionette	INFO	Stopped listening on port 41969
console.warn: TopSitesFeed: Failed to fetch data from Contile server: NetworkError when attempting to fetch resource.

###!!! [Parent][RunMessage] Error: Channel closing: too late to send/recv, messages will be lost

1643600661233	Marionette	INFO	Stopped listening on port 38747
console.warn: TopSitesFeed: Failed to fetch data from Contile server: NetworkError when attempting to fetch resource.

###!!! [Parent][RunMessage] Error: Channel closing: too late to send/recv, messages will be lost

